<?xml version="1.0" encoding="UTF-8"?>
<!-- Generated by org.testng.reporters.JUnitXMLReporter -->
<testsuite ignored="0" hostname="seeni" failures="0" tests="3" name="Test" time="14.162" errors="0" timestamp="2024-12-26T00:19:32 IST">
  <testcase classname="TestCases.Logintest" name="credentials" time="6.887"/>
  <testcase classname="TestCases.Logintest" name="credentialsUsingJson" time="3.404"/>
  <testcase classname="TestCases.Logintest" name="credentialsUsingJson" time="3.475"/>
</testsuite> <!-- Test -->
