<?xml version="1.0" encoding="UTF-8"?>
<testng-results ignored="0" total="3" passed="3" failed="0" skipped="0">
  <reporter-output>
  </reporter-output>
  <suite started-at="2024-12-26T00:19:18 IST" name="Suite" finished-at="2024-12-26T00:19:32 IST" duration-ms="14162">
    <groups>
    </groups>
    <test started-at="2024-12-26T00:19:18 IST" name="Test" finished-at="2024-12-26T00:19:32 IST" duration-ms="14162">
      <class name="TestCases.Logintest">
        <test-method is-config="true" signature="drivers()[pri:0, instance:TestCases.Logintest@2de23121]" started-at="2024-12-26T00:19:14 IST" name="drivers" finished-at="2024-12-26T00:19:18 IST" duration-ms="3437" status="PASS">
          <reporter-output>
          </reporter-output>
        </test-method> <!-- drivers -->
        <test-method signature="credentials(java.lang.String,java.lang.String)[pri:0, instance:TestCases.Logintest@2de23121]" started-at="2024-12-26T00:19:18 IST" name="credentials" finished-at="2024-12-26T00:19:25 IST" duration-ms="6887" status="PASS">
          <params>
            <param index="0">
              <value>
                <![CDATA[revathi1@gmail.com]]>
              </value>
            </param>
            <param index="1">
              <value>
                <![CDATA[Seenithala@20]]>
              </value>
            </param>
          </params>
          <reporter-output>
          </reporter-output>
        </test-method> <!-- credentials -->
        <test-method signature="credentialsUsingJson(java.util.HashMap)[pri:0, instance:TestCases.Logintest@2de23121]" started-at="2024-12-26T00:19:25 IST" name="credentialsUsingJson" data-provider="jsonInputdata" finished-at="2024-12-26T00:19:28 IST" duration-ms="3404" status="PASS">
          <params>
            <param index="0">
              <value>
                <![CDATA[{password=venkBevi, email=venkatbevi@gmail.com}]]>
              </value>
            </param>
          </params>
          <reporter-output>
          </reporter-output>
        </test-method> <!-- credentialsUsingJson -->
        <test-method signature="credentialsUsingJson(java.util.HashMap)[pri:0, instance:TestCases.Logintest@2de23121]" started-at="2024-12-26T00:19:28 IST" name="credentialsUsingJson" data-provider="jsonInputdata" finished-at="2024-12-26T00:19:32 IST" duration-ms="3475" status="PASS">
          <params>
            <param index="0">
              <value>
                <![CDATA[{password=venkBevi1, email=venkatbevi1gmail.com}]]>
              </value>
            </param>
          </params>
          <reporter-output>
          </reporter-output>
        </test-method> <!-- credentialsUsingJson -->
        <test-method is-config="true" signature="closeDriver()[pri:0, instance:TestCases.Logintest@2de23121]" started-at="2024-12-26T00:19:32 IST" name="closeDriver" finished-at="2024-12-26T00:19:32 IST" duration-ms="278" status="PASS">
          <reporter-output>
          </reporter-output>
        </test-method> <!-- closeDriver -->
      </class> <!-- TestCases.Logintest -->
    </test> <!-- Test -->
  </suite> <!-- Suite -->
</testng-results>
