<?xml version="1.0" encoding="UTF-8"?>
<testng-results ignored="0" total="4" passed="4" failed="0" skipped="0">
  <reporter-output>
  </reporter-output>
  <suite started-at="2025-01-04T12:18:14 IST" name="Suite" finished-at="2025-01-04T12:18:27 IST" duration-ms="13806">
    <groups>
    </groups>
    <test started-at="2025-01-04T12:18:14 IST" name="Test" finished-at="2025-01-04T12:18:27 IST" duration-ms="13806">
      <class name="TestCases.Logintest">
        <test-method is-config="true" signature="drivers()[pri:0, instance:TestCases.Logintest@5c80cf32]" started-at="2025-01-04T12:18:10 IST" name="drivers" finished-at="2025-01-04T12:18:14 IST" duration-ms="3865" status="PASS">
          <reporter-output>
          </reporter-output>
        </test-method> <!-- drivers -->
        <test-method signature="credentials(java.lang.String,java.lang.String)[pri:0, instance:TestCases.Logintest@5c80cf32]" started-at="2025-01-04T12:18:14 IST" name="credentials" finished-at="2025-01-04T12:18:20 IST" duration-ms="5939" status="PASS">
          <params>
            <param index="0">
              <value>
                <![CDATA[revathi1@gmail.com]]>
              </value>
            </param>
            <param index="1">
              <value>
                <![CDATA[Seenithala@20]]>
              </value>
            </param>
          </params>
          <reporter-output>
          </reporter-output>
        </test-method> <!-- credentials -->
        <test-method signature="credentialsUsingJson(java.util.HashMap)[pri:0, instance:TestCases.Logintest@5c80cf32]" started-at="2025-01-04T12:18:20 IST" name="credentialsUsingJson" data-provider="jsonInputdata" finished-at="2025-01-04T12:18:22 IST" duration-ms="2399" status="PASS">
          <params>
            <param index="0">
              <value>
                <![CDATA[{password=venkBevi, email=venkatbevi@gmail.com}]]>
              </value>
            </param>
          </params>
          <reporter-output>
          </reporter-output>
        </test-method> <!-- credentialsUsingJson -->
        <test-method signature="credentialsUsingJson(java.util.HashMap)[pri:0, instance:TestCases.Logintest@5c80cf32]" started-at="2025-01-04T12:18:22 IST" name="credentialsUsingJson" data-provider="jsonInputdata" finished-at="2025-01-04T12:18:25 IST" duration-ms="2399" status="PASS">
          <params>
            <param index="0">
              <value>
                <![CDATA[{password=venkBevi1, email=venkatbevi1gmail.com}]]>
              </value>
            </param>
          </params>
          <reporter-output>
          </reporter-output>
        </test-method> <!-- credentialsUsingJson -->
        <test-method signature="getDataFromExcel()[pri:0, instance:TestCases.Logintest@5c80cf32]" started-at="2025-01-04T12:18:25 IST" name="getDataFromExcel" finished-at="2025-01-04T12:18:27 IST" duration-ms="2699" status="PASS">
          <reporter-output>
          </reporter-output>
        </test-method> <!-- getDataFromExcel -->
        <test-method is-config="true" signature="closeDriver()[pri:0, instance:TestCases.Logintest@5c80cf32]" started-at="2025-01-04T12:18:27 IST" name="closeDriver" finished-at="2025-01-04T12:18:28 IST" duration-ms="253" status="PASS">
          <reporter-output>
          </reporter-output>
        </test-method> <!-- closeDriver -->
      </class> <!-- TestCases.Logintest -->
    </test> <!-- Test -->
  </suite> <!-- Suite -->
</testng-results>
